This is pdfTeX, Version 3.14159265-2.6-1.40.21 (TeX Live 2020) (preloaded format=pdflatex 2020.6.12)  19 JUN 2020 15:44
entering extended mode
 restricted \write18 enabled.
 file:line:error style messages enabled.
 %&-line parsing enabled.
**"/Users/michaelxu/My Document/216Lab/Lab2/ve216_lab2_repo"
(/Users/michaelxu/My Document/216Lab/Lab2/ve216_lab2_repo.tex
LaTeX2e <2020-02-02> patch level 5
L3 programming layer <2020-03-06> (/usr/local/texlive/2020/texmf-dist/tex/latex/base/article.cls
Document Class: article 2019/12/20 v1.4l Standard LaTeX document class
(/usr/local/texlive/2020/texmf-dist/tex/latex/base/size10.clo
File: size10.clo 2019/12/20 v1.4l Standard LaTeX file (size option)
)
\c@part=\count167
\c@section=\count168
\c@subsection=\count169
\c@subsubsection=\count170
\c@paragraph=\count171
\c@subparagraph=\count172
\c@figure=\count173
\c@table=\count174
\abovecaptionskip=\skip47
\belowcaptionskip=\skip48
\bibindent=\dimen134
) (/usr/local/texlive/2020/texmf-dist/tex/latex/caption/caption.sty
Package: caption 2020/01/03 v3.4h Customizing captions (AR)
 (/usr/local/texlive/2020/texmf-dist/tex/latex/caption/caption3.sty
Package: caption3 2020/01/03 v1.8h caption3 kernel (AR)
Package caption3 Info: TeX engine: e-TeX on input line 61.
 (/usr/local/texlive/2020/texmf-dist/tex/latex/graphics/keyval.sty
Package: keyval 2014/10/28 v1.15 key=value parser (DPC)
\KV@toks@=\toks15
)
\captionmargin=\dimen135
\captionmargin@=\dimen136
\captionwidth=\dimen137
\caption@tempdima=\dimen138
\caption@indent=\dimen139
\caption@parindent=\dimen140
\caption@hangindent=\dimen141
Package caption Info: Standard document class detected.
)
\c@caption@flags=\count175
\c@continuedfloat=\count176
) (/usr/local/texlive/2020/texmf-dist/tex/latex/graphics/graphicx.sty
Package: graphicx 2019/11/30 v1.2a Enhanced LaTeX Graphics (DPC,SPQR)
 (/usr/local/texlive/2020/texmf-dist/tex/latex/graphics/graphics.sty
Package: graphics 2019/11/30 v1.4a Standard LaTeX Graphics (DPC,SPQR)
 (/usr/local/texlive/2020/texmf-dist/tex/latex/graphics/trig.sty
Package: trig 2016/01/03 v1.10 sin cos tan (DPC)
) (/usr/local/texlive/2020/texmf-dist/tex/latex/graphics-cfg/graphics.cfg
File: graphics.cfg 2016/06/04 v1.11 sample graphics configuration
)
Package graphics Info: Driver file: pdftex.def on input line 105.
 (/usr/local/texlive/2020/texmf-dist/tex/latex/graphics-def/pdftex.def
File: pdftex.def 2018/01/08 v1.0l Graphics/color driver for pdftex
))
\Gin@req@height=\dimen142
\Gin@req@width=\dimen143
) (/usr/local/texlive/2020/texmf-dist/tex/latex/subfig/subfig.sty
Package: subfig 2005/06/28 ver: 1.3 subfig package
\c@KVtest=\count177
\sf@farskip=\skip49
\sf@captopadj=\dimen144
\sf@capskip=\skip50
\sf@nearskip=\skip51
\c@subfigure=\count178
\c@subfigure@save=\count179
\c@lofdepth=\count180
\c@subtable=\count181
\c@subtable@save=\count182
\c@lotdepth=\count183
\sf@top=\skip52
\sf@bottom=\skip53
) (/usr/local/texlive/2020/texmf-dist/tex/latex/amsmath/amsmath.sty
Package: amsmath 2020/01/20 v2.17e AMS math features
\@mathmargin=\skip54

For additional information on amsmath, use the `?' option.
(/usr/local/texlive/2020/texmf-dist/tex/latex/amsmath/amstext.sty
Package: amstext 2000/06/29 v2.01 AMS text
 (/usr/local/texlive/2020/texmf-dist/tex/latex/amsmath/amsgen.sty
File: amsgen.sty 1999/11/30 v2.0 generic functions
\@emptytoks=\toks16
\ex@=\dimen145
)) (/usr/local/texlive/2020/texmf-dist/tex/latex/amsmath/amsbsy.sty
Package: amsbsy 1999/11/29 v1.2d Bold Symbols
\pmbraise@=\dimen146
) (/usr/local/texlive/2020/texmf-dist/tex/latex/amsmath/amsopn.sty
Package: amsopn 2016/03/08 v2.02 operator names
)
\inf@bad=\count184
LaTeX Info: Redefining \frac on input line 227.
\uproot@=\count185
\leftroot@=\count186
LaTeX Info: Redefining \overline on input line 389.
\classnum@=\count187
\DOTSCASE@=\count188
LaTeX Info: Redefining \ldots on input line 486.
LaTeX Info: Redefining \dots on input line 489.
LaTeX Info: Redefining \cdots on input line 610.
\Mathstrutbox@=\box45
\strutbox@=\box46
\big@size=\dimen147
LaTeX Font Info:    Redeclaring font encoding OML on input line 733.
LaTeX Font Info:    Redeclaring font encoding OMS on input line 734.
\macc@depth=\count189
\c@MaxMatrixCols=\count190
\dotsspace@=\muskip16
\c@parentequation=\count191
\dspbrk@lvl=\count192
\tag@help=\toks17
\row@=\count193
\column@=\count194
\maxfields@=\count195
\andhelp@=\toks18
\eqnshift@=\dimen148
\alignsep@=\dimen149
\tagshift@=\dimen150
\tagwidth@=\dimen151
\totwidth@=\dimen152
\lineht@=\dimen153
\@envbody=\toks19
\multlinegap=\skip55
\multlinetaggap=\skip56
\mathdisplay@stack=\toks20
LaTeX Info: Redefining \[ on input line 2859.
LaTeX Info: Redefining \] on input line 2860.
) (/usr/local/texlive/2020/texmf-dist/tex/latex/amsfonts/amsfonts.sty
Package: amsfonts 2013/01/14 v3.01 Basic AMSFonts support
\symAMSa=\mathgroup4
\symAMSb=\mathgroup5
LaTeX Font Info:    Redeclaring math symbol \hbar on input line 98.
LaTeX Font Info:    Overwriting math alphabet `\mathfrak' in version `bold'
(Font)                  U/euf/m/n --> U/euf/b/n on input line 106.
) (/usr/local/texlive/2020/texmf-dist/tex/latex/amsfonts/amssymb.sty
Package: amssymb 2013/01/14 v3.01 AMS font symbols
) (/usr/local/texlive/2020/texmf-dist/tex/latex/geometry/geometry.sty
Package: geometry 2020/01/02 v5.9 Page Geometry
 (/usr/local/texlive/2020/texmf-dist/tex/generic/iftex/ifvtex.sty
Package: ifvtex 2019/10/25 v1.7 ifvtex legacy package. Use iftex instead.
 (/usr/local/texlive/2020/texmf-dist/tex/generic/iftex/iftex.sty
Package: iftex 2020/03/06 v1.0d TeX engine tests
))
\Gm@cnth=\count196
\Gm@cntv=\count197
\c@Gm@tempcnt=\count198
\Gm@bindingoffset=\dimen154
\Gm@wd@mp=\dimen155
\Gm@odd@mp=\dimen156
\Gm@even@mp=\dimen157
\Gm@layoutwidth=\dimen158
\Gm@layoutheight=\dimen159
\Gm@layouthoffset=\dimen160
\Gm@layoutvoffset=\dimen161
\Gm@dimlist=\toks21
) (/usr/local/texlive/2020/texmf-dist/tex/latex/tools/enumerate.sty
Package: enumerate 2015/07/23 v3.00 enumerate extensions (DPC)
\@enLab=\toks22
) (/usr/local/texlive/2020/texmf-dist/tex/latex/tools/indentfirst.sty
Package: indentfirst 1995/11/23 v1.03 Indent first paragraph (DPC)
) (/usr/local/texlive/2020/texmf-dist/tex/latex/caption/subcaption.sty
Package: subcaption 2020/01/22 v1.3d Sub-captions (AR)


/usr/local/texlive/2020/texmf-dist/tex/latex/caption/subcaption.sty:62: Package subcaption Error: This package can't be used in cooperation
(subcaption)                with the subfig package.

See the subcaption package documentation for explanation.
Type  H <return>  for immediate help.
 ...                                              
                                                  
l.62 \subcaption@CheckCompatibility
                                   
If you do not understand this error, please take a closer look
at the documentation of the `subcaption' package, especially the
section about errors.
Try typing  <return>  to proceed.
If that doesn't work, type  X <return>  to quit.

) (/usr/local/texlive/2020/texmf-dist/tex/latex/multirow/multirow.sty
Package: multirow 2019/05/31 v2.5 Span multiple rows of a table
\multirow@colwidth=\skip57
\multirow@cntb=\count199
\multirow@dima=\skip58
\bigstrutjot=\dimen162
) (/usr/local/texlive/2020/texmf-dist/tex/latex/float/float.sty
Package: float 2001/11/08 v1.3d Float enhancements (AL)
\c@float@type=\count266
\float@exts=\toks23
\float@box=\box47
\@float@everytoks=\toks24
\@floatcapt=\box48
) (/usr/local/texlive/2020/texmf-dist/tex/latex/url/url.sty
\Urlmuskip=\muskip17
Package: url 2013/09/16  ver 3.4  Verb mode for urls, etc.
) (/usr/local/texlive/2020/texmf-dist/tex/latex/l3backend/l3backend-pdfmode.def
File: l3backend-pdfmode.def 2020-03-12 L3 backend support: PDF mode
\l__kernel_color_stack_int=\count267
\l__pdf_internal_box=\box49
)

LaTeX Warning: Unused global option(s):
    [utf8].

No file ve216_lab2_repo.aux.
\openout1 = `ve216_lab2_repo.aux'.

LaTeX Font Info:    Checking defaults for OML/cmm/m/it on input line 16.
LaTeX Font Info:    ... okay on input line 16.
LaTeX Font Info:    Checking defaults for OMS/cmsy/m/n on input line 16.
LaTeX Font Info:    ... okay on input line 16.
LaTeX Font Info:    Checking defaults for OT1/cmr/m/n on input line 16.
LaTeX Font Info:    ... okay on input line 16.
LaTeX Font Info:    Checking defaults for T1/cmr/m/n on input line 16.
LaTeX Font Info:    ... okay on input line 16.
LaTeX Font Info:    Checking defaults for TS1/cmr/m/n on input line 16.
LaTeX Font Info:    ... okay on input line 16.
LaTeX Font Info:    Checking defaults for OMX/cmex/m/n on input line 16.
LaTeX Font Info:    ... okay on input line 16.
LaTeX Font Info:    Checking defaults for U/cmr/m/n on input line 16.
LaTeX Font Info:    ... okay on input line 16.
Package caption Info: Begin \AtBeginDocument code.
Package caption Info: subfig package v1.3 is loaded.
Package caption Info: float package is loaded.
Package caption Info: End \AtBeginDocument code.
(/usr/local/texlive/2020/texmf-dist/tex/context/base/mkii/supp-pdf.mkii
[Loading MPS to PDF converter (version 2006.09.02).]
\scratchcounter=\count268
\scratchdimen=\dimen163
\scratchbox=\box50
\nofMPsegments=\count269
\nofMParguments=\count270
\everyMPshowfont=\toks25
\MPscratchCnt=\count271
\MPscratchDim=\dimen164
\MPnumerator=\count272
\makeMPintoPDFobject=\count273
\everyMPtoPDFconversion=\toks26
) (/usr/local/texlive/2020/texmf-dist/tex/latex/epstopdf-pkg/epstopdf-base.sty
Package: epstopdf-base 2020-01-24 v2.11 Base part for package epstopdf
Package epstopdf-base Info: Redefining graphics rule for `.eps' on input line 485.
 (/usr/local/texlive/2020/texmf-dist/tex/latex/latexconfig/epstopdf-sys.cfg
File: epstopdf-sys.cfg 2010/07/13 v1.3 Configuration of (r)epstopdf for TeX Live
))
*geometry* driver: auto-detecting
*geometry* detected driver: pdftex
*geometry* verbose mode - [ preamble ] result:
* driver: pdftex
* paper: <default>
* layout: <same size as paper>
* layoutoffset:(h,v)=(0.0pt,0.0pt)
* modes: 
* h-part:(L,W,R)=(92.14519pt, 430.00462pt, 92.14519pt)
* v-part:(T,H,B)=(95.39737pt, 556.47656pt, 143.09605pt)
* \paperwidth=614.295pt
* \paperheight=794.96999pt
* \textwidth=430.00462pt
* \textheight=556.47656pt
* \oddsidemargin=19.8752pt
* \evensidemargin=19.8752pt
* \topmargin=-13.87262pt
* \headheight=12.0pt
* \headsep=25.0pt
* \topskip=10.0pt
* \footskip=30.0pt
* \marginparwidth=65.0pt
* \marginparsep=11.0pt
* \columnsep=10.0pt
* \skip\footins=9.0pt plus 4.0pt minus 2.0pt
* \hoffset=0.0pt
* \voffset=0.0pt
* \mag=1000
* \@twocolumnfalse
* \@twosidefalse
* \@mparswitchfalse
* \@reversemarginfalse
* (1in=72.27pt=25.4mm, 1cm=28.453pt)

[1

{/usr/local/texlive/2020/texmf-var/fonts/map/pdftex/updmap/pdftex.map}]
LaTeX Font Info:    Trying to load font information for U+msa on input line 49.
 (/usr/local/texlive/2020/texmf-dist/tex/latex/amsfonts/umsa.fd
File: umsa.fd 2013/01/14 v3.01 AMS symbols A
)
LaTeX Font Info:    Trying to load font information for U+msb on input line 49.
 (/usr/local/texlive/2020/texmf-dist/tex/latex/amsfonts/umsb.fd
File: umsb.fd 2013/01/14 v3.01 AMS symbols B
) [2]
<figures/Figure1.png, id=14, 1098.1025pt x 593.21625pt>
File: figures/Figure1.png Graphic file (type png)
<use figures/Figure1.png>
Package pdftex.def Info: figures/Figure1.png  used on input line 57.
(pdftex.def)             Requested size: 322.50346pt x 174.21883pt.
 [3 <./figures/Figure1.png>] [4]
<figures/Figure2.png, id=24, 520.94624pt x 277.035pt>
File: figures/Figure2.png Graphic file (type png)
<use figures/Figure2.png>
Package pdftex.def Info: figures/Figure2.png  used on input line 83.
(pdftex.def)             Requested size: 322.50346pt x 171.50629pt.
<figures/Figure3.png, id=25, 739.26187pt x 554.82281pt>
File: figures/Figure3.png Graphic file (type png)
<use figures/Figure3.png>
Package pdftex.def Info: figures/Figure3.png  used on input line 95.
(pdftex.def)             Requested size: 322.50346pt x 242.04018pt.
 [5 <./figures/Figure2.png>] [6 <./figures/Figure3.png>]
<figures/Figure4.png, id=33, 325.215pt x 216.81pt>
File: figures/Figure4.png Graphic file (type png)
<use figures/Figure4.png>
Package pdftex.def Info: figures/Figure4.png  used on input line 115.
(pdftex.def)             Requested size: 322.50346pt x 215.0197pt.
<figures/Figure6.png, id=34, 504.38437pt x 165.61874pt>
File: figures/Figure6.png Graphic file (type png)
<use figures/Figure6.png>
Package pdftex.def Info: figures/Figure6.png  used on input line 127.
(pdftex.def)             Requested size: 322.50346pt x 105.89706pt.
 [7 <./figures/Figure4.png>] [8 <./figures/Figure6.png>] [9] [10]
<figures/Figure5.png, id=49, 325.215pt x 216.81pt>
File: figures/Figure5.png Graphic file (type png)
<use figures/Figure5.png>
Package pdftex.def Info: figures/Figure5.png  used on input line 165.
(pdftex.def)             Requested size: 322.50346pt x 215.0197pt.
 [11]

/Users/michaelxu/My Document/216Lab/Lab2/ve216_lab2_repo.tex:174: Package inputenc Error: Unicode character − (U+2212)
(inputenc)                not set up for use with LaTeX.

See the inputenc package documentation for explanation.
Type  H <return>  for immediate help.
 ...                                              
                                                  
l.174 ... reactance of the capacitor ($i.e.$, $−
                                                  j/\omega C$). When this co...
You may provide a definition with
\DeclareUnicodeCharacter 

[12 <./figures/Figure5.png>] [13] [14]

/Users/michaelxu/My Document/216Lab/Lab2/ve216_lab2_repo.tex:208: Package inputenc Error: Unicode character − (U+2212)
(inputenc)                not set up for use with LaTeX.

See the inputenc package documentation for explanation.
Type  H <return>  for immediate help.
 ...                                              
                                                  
l.208 ...1}{2} \cos(x + y)+ \frac{1}{2} \cos(x −
                                                   y))$ indicates that
You may provide a definition with
\DeclareUnicodeCharacter 


Overfull \hbox (114.32607pt too wide) detected at line 209
\OT1/cmr/m/n/12 (\OML/cmm/m/it/12 A \OT1/cmr/m/n/12 + \OML/cmm/m/it/12 bs\OT1/cmr/m/n/12 (\OML/cmm/m/it/12 t\OT1/cmr/m/n/12 )) [](\OML/cmm/m/it/12 ![]t \OT1/cmr/m/n/12 + \OML/cmm/m/it/12 ^^^\OT1/cmr/m/n/12 ) [](\OML/cmm/m/it/12 ![]t \OT1/cmr/m/n/12 + \OML/cmm/m/it/12 ^^R\OT1/cmr/m/n/12 ) = [](\OML/cmm/m/it/12 A \OT1/cmr/m/n/12 + \OML/cmm/m/it/12 bs\OT1/cmr/m/n/12 (\OML/cmm/m/it/12 t\OT1/cmr/m/n/12 )) []((\OML/cmm/m/it/12 ![] \OT1/cmr/m/n/12 + \OML/cmm/m/it/12 ![]\OT1/cmr/m/n/12 )\OML/cmm/m/it/12 t \OT1/cmr/m/n/12 + \OML/cmm/m/it/12 ^^^ \OT1/cmr/m/n/12 + \OML/cmm/m/it/12 ^^R\OT1/cmr/m/n/12 ) + [](\OML/cmm/m/it/12 A \OT1/cmr/m/n/12 + \OML/cmm/m/it/12 bs\OT1/cmr/m/n/12 (\OML/cmm/m/it/12 t\OT1/cmr/m/n/12 )) []((\OML/cmm/m/it/12 ![] \OMS/cmsy/m/n/12 ^^@ \OML/cmm/m/it/12 ![]\OT1/cmr/m/n/12 )\OML/cmm/m/it/12 t \OT1/cmr/m/n/12 + \OML/cmm/m/it/12 ^^^ \OMS/cmsy/m/n/12 ^^@ \OML/cmm/m/it/12 ^^R\OT1/cmr/m/n/12 )
 []

<figures/Figure7.png, id=65, 528.47438pt x 532.23843pt>
File: figures/Figure7.png Graphic file (type png)
<use figures/Figure7.png>
Package pdftex.def Info: figures/Figure7.png  used on input line 217.
(pdftex.def)             Requested size: 279.50037pt x 281.49216pt.
[15] [16 <./figures/Figure7.png>]
<figures/Figure8.png, id=72, 548.80031pt x 193.47281pt>
File: figures/Figure8.png Graphic file (type png)
<use figures/Figure8.png>
Package pdftex.def Info: figures/Figure8.png  used on input line 234.
(pdftex.def)             Requested size: 322.50346pt x 113.69629pt.
<figures/Figure9.png, id=73, 612.78937pt x 127.97812pt>
File: figures/Figure9.png Graphic file (type png)
<use figures/Figure9.png>
Package pdftex.def Info: figures/Figure9.png  used on input line 250.
(pdftex.def)             Requested size: 322.50346pt x 67.35355pt.


/Users/michaelxu/My Document/216Lab/Lab2/ve216_lab2_repo.tex:252: Package inputenc Error: Unicode character − (U+2212)
(inputenc)                not set up for use with LaTeX.

See the inputenc package documentation for explanation.
Type  H <return>  for immediate help.
 ...                                              
                                                  
l.252 ...o IF Band when $f_{LO} = f_c − f_{IF}$}
                                                  
You may provide a definition with
\DeclareUnicodeCharacter 


/Users/michaelxu/My Document/216Lab/Lab2/ve216_lab2_repo.tex:252: Package inputenc Error: Unicode character − (U+2212)
(inputenc)                not set up for use with LaTeX.

See the inputenc package documentation for explanation.
Type  H <return>  for immediate help.
 ...                                              
                                                  
l.252 ...o IF Band when $f_{LO} = f_c − f_{IF}$}
                                                  
You may provide a definition with
\DeclareUnicodeCharacter 

<figures/Figure10.png, id=74, 607.51968pt x 197.23688pt>
File: figures/Figure10.png Graphic file (type png)
<use figures/Figure10.png>
Package pdftex.def Info: figures/Figure10.png  used on input line 259.
(pdftex.def)             Requested size: 322.50346pt x 104.70657pt.
[17 <./figures/Figure8.png> <./figures/Figure9.png>]

/Users/michaelxu/My Document/216Lab/Lab2/ve216_lab2_repo.tex:276: Package inputenc Error: Unicode character − (U+2212)
(inputenc)                not set up for use with LaTeX.

See the inputenc package documentation for explanation.
Type  H <return>  for immediate help.
 ...                                              
                                                  
l.276 ... to $H_0$ over the passband, $|\omega −
                                                   \omega_0| < \beta$, and d...
You may provide a definition with
\DeclareUnicodeCharacter 

[18 <./figures/Figure10.png>] [19]

/Users/michaelxu/My Document/216Lab/Lab2/ve216_lab2_repo.tex:305: Package inputenc Error: Unicode character − (U+2212)
(inputenc)                not set up for use with LaTeX.

See the inputenc package documentation for explanation.
Type  H <return>  for immediate help.
 ...                                              
                                                  
l.305 ...red. Specifically, when $f_{LO} = f_c −
                                                   f_{IF}$,
You may provide a definition with
\DeclareUnicodeCharacter 

[20] [21]
<figures/Figure11.png, id=94, 603.25375pt x 329.23pt>
File: figures/Figure11.png Graphic file (type png)
<use figures/Figure11.png>
Package pdftex.def Info: figures/Figure11.png  used on input line 349.
(pdftex.def)             Requested size: 215.0023pt x 117.33713pt.
 [22]
<figures/Figure12.png, id=98, 497.86pt x 361.35pt>
File: figures/Figure12.png Graphic file (type png)
<use figures/Figure12.png>
Package pdftex.def Info: figures/Figure12.png  used on input line 365.
(pdftex.def)             Requested size: 215.0023pt x 156.05014pt.
<figures/Figure13.png, id=99, 598.235pt x 251.94125pt>
File: figures/Figure13.png Graphic file (type png)
<use figures/Figure13.png>
Package pdftex.def Info: figures/Figure13.png  used on input line 375.
(pdftex.def)             Requested size: 215.0023pt x 90.545pt.
 [23 <./figures/Figure11.png> <./figures/Figure12.png>]
<figures/Figure15.png, id=103, 1182.4175pt x 596.2275pt>
File: figures/Figure15.png Graphic file (type png)
<use figures/Figure15.png>
Package pdftex.def Info: figures/Figure15.png  used on input line 393.
(pdftex.def)             Requested size: 279.50037pt x 140.93227pt.
<figures/Figure16.png, id=105, 402.50375pt x 196.735pt>
File: figures/Figure16.png Graphic file (type png)
<use figures/Figure16.png>
Package pdftex.def Info: figures/Figure16.png  used on input line 404.
(pdftex.def)             Requested size: 279.50037pt x 136.61183pt.
 [24 <./figures/Figure13.png> <./figures/Figure15.png>]
<figures/Figure17.png, id=110, 1178.4025pt x 598.235pt>
File: figures/Figure17.png Graphic file (type png)
<use figures/Figure17.png>
Package pdftex.def Info: figures/Figure17.png  used on input line 421.
(pdftex.def)             Requested size: 279.50037pt x 141.8906pt.
<figures/Figure18.png, id=111, 398.48875pt x 188.705pt>
File: figures/Figure18.png Graphic file (type png)
<use figures/Figure18.png>
Package pdftex.def Info: figures/Figure18.png  used on input line 432.
(pdftex.def)             Requested size: 279.50037pt x 132.36325pt.
 [25 <./figures/Figure16.png> <./figures/Figure17.png>]
<figures/Figure19.png, id=118, 1182.4175pt x 596.2275pt>
File: figures/Figure19.png Graphic file (type png)
<use figures/Figure19.png>
Package pdftex.def Info: figures/Figure19.png  used on input line 449.
(pdftex.def)             Requested size: 279.50037pt x 140.93227pt.
<figures/Figure20.png, id=119, 400.49625pt x 187.70125pt>
File: figures/Figure20.png Graphic file (type png)
<use figures/Figure20.png>
Package pdftex.def Info: figures/Figure20.png  used on input line 459.
(pdftex.def)             Requested size: 279.50037pt x 131.00046pt.
<figures/Figure21.png, id=120, 395.4775pt x 186.6975pt>
File: figures/Figure21.png Graphic file (type png)
<use figures/Figure21.png>
Package pdftex.def Info: figures/Figure21.png  used on input line 475.
(pdftex.def)             Requested size: 279.50037pt x 131.94936pt.
 [26 <./figures/Figure18.png> <./figures/Figure19.png>] [27 <./figures/Figure20.png> <./figures/Figure21.png>] [28] [29] (./ve216_lab2_repo.aux)

LaTeX Warning: Label(s) may have changed. Rerun to get cross-references right.

 ) 
Here is how much of TeX's memory you used:
 4406 strings out of 480608
 65640 string characters out of 5903630
 303639 words of memory out of 5000000
 20235 multiletter control sequences out of 15000+600000
 540839 words of font info for 57 fonts, out of 8000000 for 9000
 1141 hyphenation exceptions out of 8191
 41i,6n,42p,1535b,449s stack positions out of 5000i,500n,10000p,200000b,80000s
{/usr/local/texlive/2020/texmf-dist/fonts/enc/dvips/cm-super/cm-super-ts1.enc}</usr/local/texlive/2020/texmf-dist/fonts/type1/public/amsfonts/cm/cmbx10.pfb></usr/local/texlive/2020/texmf-dist/fonts/type1/public/amsfonts/cm/cmbx12.pfb></usr/local/texlive/2020/texmf-dist/fonts/type1/public/amsfonts/cm/cmcsc10.pfb></usr/local/texlive/2020/texmf-dist/fonts/type1/public/amsfonts/cm/cmex10.pfb></usr/local/texlive/2020/texmf-dist/fonts/type1/public/amsfonts/cm/cmmi10.pfb></usr/local/texlive/2020/texmf-dist/fonts/type1/public/amsfonts/cm/cmmi12.pfb></usr/local/texlive/2020/texmf-dist/fonts/type1/public/amsfonts/cm/cmmi7.pfb></usr/local/texlive/2020/texmf-dist/fonts/type1/public/amsfonts/cm/cmmi8.pfb></usr/local/texlive/2020/texmf-dist/fonts/type1/public/amsfonts/cm/cmr10.pfb></usr/local/texlive/2020/texmf-dist/fonts/type1/public/amsfonts/cm/cmr12.pfb></usr/local/texlive/2020/texmf-dist/fonts/type1/public/amsfonts/cm/cmr6.pfb></usr/local/texlive/2020/texmf-dist/fonts/type1/public/amsfonts/cm/cmr8.pfb></usr/local/texlive/2020/texmf-dist/fonts/type1/public/amsfonts/cm/cmsy10.pfb></usr/local/texlive/2020/texmf-dist/fonts/type1/public/amsfonts/cm/cmsy8.pfb></usr/local/texlive/2020/texmf-dist/fonts/type1/public/cm-super/sfrm1200.pfb>
Output written on ve216_lab2_repo.pdf (29 pages, 808779 bytes).
PDF statistics:
 187 PDF objects out of 1000 (max. 8388607)
 112 compressed objects within 2 object streams
 0 named destinations out of 1000 (max. 500000)
 101 words of extra memory for PDF output out of 10000 (max. 10000000)

